
> zonaro@0.1.0 dev
> next dev

  ▲ Next.js 14.2.16
  - Local:        http://localhost:3000
  - Environments: .env.local

 ✓ Starting...
 ✓ Ready in 6.3s
 ○ Compiling /src/middleware ...
 ✓ Compiled /src/middleware in 2.6s (125 modules)
 ○ Compiling / ...
 ✓ Compiled / in 10.8s (862 modules)
 GET / 200 in 11671ms
 ✓ Compiled in 1507ms (374 modules)
 ✓ Compiled in 163ms (360 modules)
 GET / 200 in 12501ms
 GET / 200 in 12784ms
 ✓ Compiled in 4.5s (474 modules)
 ✓ Compiled in 358ms (125 modules)
 ○ Compiling /autentificare ...
 ✓ Compiled /autentificare in 3.3s (890 modules)
 ✓ Compiled in 486ms (394 modules)
 ✓ Compiled in 1251ms (394 modules)
 ✓ Compiled in 336ms (394 modules)
 ✓ Compiled in 460ms (394 modules)
 ✓ Compiled in 1387ms (394 modules)
 ✓ Compiled in 930ms (394 modules)
 ✓ Compiled in 1027ms (394 modules)
 ✓ Compiled in 1447ms (394 modules)
 ✓ Compiled in 4s (394 modules)
 ✓ Compiled in 355ms (394 modules)
 ✓ Compiled in 253ms (394 modules)
 ✓ Compiled in 447ms (394 modules)
 ✓ Compiled in 388ms (394 modules)
 ✓ Compiled in 225ms (394 modules)
 ✓ Compiled in 655ms (125 modules)
 ✓ Compiled in 5.2s (394 modules)
 ✓ Compiled in 887ms (394 modules)
 ✓ Compiled in 333ms (394 modules)
 ✓ Compiled in 5.8s (868 modules)
 ✓ Compiled in 952ms (892 modules)
 ✓ Compiled in 732ms (892 modules)
 ✓ Compiled in 418ms (892 modules)
 ✓ Compiled in 444ms (892 modules)
 ✓ Compiled in 995ms (893 modules)
 ✓ Compiled in 773ms (893 modules)
 ✓ Compiled in 475ms (893 modules)
 ✓ Compiled in 464ms (893 modules)
 ✓ Compiled in 460ms (893 modules)
